00:00:00.002798 main     VirtualBox COM Server 7.0.6 r155176 win.amd64 (Jan 11 2023 16:38:38) release log
00:00:00.002802 main     Log opened 2023-03-14T01:26:57.178271500Z
00:00:00.002802 main     Build Type: release
00:00:00.002807 main     OS Product: Windows 10
00:00:00.002808 main     OS Release: 10.0.19045
00:00:00.002808 main     OS Service Pack: 
00:00:00.027753 main     DMI Product Name: 81WD
00:00:00.043425 main     DMI Product Version: IdeaPad 3 14IIL05
00:00:00.043436 main     Firmware type: UEFI
00:00:00.043915 main     Secure Boot: VERR_PRIVILEGE_NOT_HELD
00:00:00.043936 main     Host RAM: 12030MB (11.7GB) total, 5738MB (5.6GB) available
00:00:00.043939 main     Executable: C:\Program Files\Oracle\VirtualBox\VBoxSVC.exe
00:00:00.043940 main     Process ID: 2220
00:00:00.043940 main     Package type: WINDOWS_64BITS_GENERIC
00:00:00.128996          VirtualBox: object creation starts
00:00:00.129333          Home directory: 'C:\Users\Gómez\.VirtualBox'
00:00:00.129545          Installed Drivers:
00:00:00.133248            C:\WINDOWS\system32\DRIVERS\VBoxNetLwf.sys (Version: 7.0.6.5176)
00:00:00.134641            C:\WINDOWS\system32\DRIVERS\VBoxUSBMon.sys (Version: 7.0.6.5176)
00:00:00.135546            C:\WINDOWS\system32\DRIVERS\VBoxSup.sys (Version: 7.0.6.5176)
00:00:00.136552            C:\WINDOWS\System32\drivers\VBoxNetAdp6.sys (Version: 7.0.6.5176)
00:00:00.154197          Loading settings file "C:\Users\Gómez\.VirtualBox\VirtualBox.xml" with version "1.12-windows"
00:00:00.156473          usbLibGetDevices: Starting USB device enumeration
00:00:00.156624          Getting USB descriptor (id 0) failed (dwErr=31) on hub USB#ROOT_HUB30#4&332ab27&0&0#{f18a0e88-c30c-11d0-8815-00a0c906bed8} port 5
00:00:00.159485          Getting USB descriptor (id 0) failed (dwErr=31) on hub USB#ROOT_HUB30#4&332ab27&0&0#{f18a0e88-c30c-11d0-8815-00a0c906bed8} port 10
00:00:00.161411          usbLibGetDevices: Found 3 USB devices, 0 captured
00:00:00.161471          USB: Unknown USB device detected (idVendor: 0x174f, idProduct: 0x1176)
00:00:00.161493          USB: Unknown USB device detected (idVendor: 0x8087, idProduct: 0x0aaa)
00:00:00.304264          HostDnsMonitor: initializing
00:00:00.311737          HostDnsMonitor: updating information
00:00:00.311755          HostDnsMonitor: old information
00:00:00.311756            no server entries
00:00:00.311757            no domain set
00:00:00.311757            no search string entries
00:00:00.311757          HostDnsMonitor: new information
00:00:00.311757            server 1: 10.0.38.10
00:00:00.311762            domain: uniminuto.edu
00:00:00.311762            no search string entries
00:00:00.390681          VD: VDInit finished with VINF_SUCCESS
00:00:00.407611          Loading settings file "C:\Users\Gómez\VirtualBox VMs\fedora\fedora.vbox" with version "1.19-windows"
00:00:00.408509          VirtualBox: object created
00:00:00.575793          Saving settings file "C:\Users\Gómez\.VirtualBox\VirtualBox.xml" with version "1.12-windows"
00:00:00.579552          Finished saving settings file "C:\Users\Gómez\.VirtualBox\VirtualBox.xml"
00:00:00.579858          Saving settings file "C:\Users\Gómez\.VirtualBox\VirtualBox.xml" with version "1.12-windows"
00:00:00.591372          Finished saving settings file "C:\Users\Gómez\.VirtualBox\VirtualBox.xml"
00:00:00.599706          Saving settings file "C:\Users\Gómez\.VirtualBox\VirtualBox.xml" with version "1.12-windows"
00:00:00.619579          Finished saving settings file "C:\Users\Gómez\.VirtualBox\VirtualBox.xml"
00:00:02.474393          ERROR [COM]: aRC=VBOX_E_INVALID_VM_STATE (0x80bb0002) aIID={300763af-5d6b-46e6-aa96-273eac15538a} aComponent={MachineWrap} aText={The machine is not mutable (state is PoweredOff)}, preserve=false aResultDetail=0
00:00:05.515235          Launched VM: 3901653280 pid: 12020 (0x2ef4) frontend: GUI/Qt name: fedora
00:00:05.536206          ERROR [COM]: aRC=VBOX_E_INVALID_VM_STATE (0x80bb0002) aIID={300763af-5d6b-46e6-aa96-273eac15538a} aComponent={MachineWrap} aText={The machine is not mutable (state is PoweredOff)}, preserve=false aResultDetail=0
00:00:11.735199          ERROR [COM]: aRC=VBOX_E_INVALID_VM_STATE (0x80bb0002) aIID={300763af-5d6b-46e6-aa96-273eac15538a} aComponent={MachineWrap} aText={The machine is not mutable (state is PoweredOff)}, preserve=false aResultDetail=0
00:00:12.869816          ERROR [COM]: aRC=VBOX_E_OBJECT_NOT_FOUND (0x80bb0001) aIID={70401eef-c8e9-466b-9660-45cb3e9979e4} aComponent={ExtPackManagerWrap} aText={No extension pack by the name 'Oracle VM VirtualBox Extension Pack' was found}, preserve=false aResultDetail=0
00:00:17.770971          ERROR [COM]: aRC=VBOX_E_IPRT_ERROR (0x80bb0005) aIID={300763af-5d6b-46e6-aa96-273eac15538a} aComponent={SessionMachine} aText={Saved screenshot data is not available (VERR_NOT_SUPPORTED)}, preserve=false aResultDetail=-37
00:00:18.319615          ERROR [COM]: aRC=VBOX_E_INVALID_VM_STATE (0x80bb0002) aIID={300763af-5d6b-46e6-aa96-273eac15538a} aComponent={MachineWrap} aText={The machine is not mutable (state is Starting)}, preserve=false aResultDetail=0
00:00:18.323567          ERROR [COM]: aRC=VBOX_E_INVALID_VM_STATE (0x80bb0002) aIID={300763af-5d6b-46e6-aa96-273eac15538a} aComponent={SessionMachine} aText={The machine is not mutable or saved (state is Starting)}, preserve=false aResultDetail=0
00:00:19.646963          ERROR [COM]: aRC=VBOX_E_OBJECT_NOT_FOUND (0x80bb0001) aIID={ad47ad09-787b-44ab-b343-a082a3f2dfb1} aComponent={MediumWrap} aText={Property 'CRYPT/KeyId' does not exist}, preserve=false aResultDetail=0
00:00:19.703413          ERROR [COM]: aRC=VBOX_E_INVALID_VM_STATE (0x80bb0002) aIID={300763af-5d6b-46e6-aa96-273eac15538a} aComponent={MachineWrap} aText={The machine is not mutable (state is Running)}, preserve=false aResultDetail=0
00:03:02.565669 dns-monitor HostDnsMonitor: updating information
00:03:02.565703 dns-monitor HostDnsMonitor: unchanged
00:05:20.208140 dns-monitor HostDnsMonitor: updating information
00:05:20.208170 dns-monitor HostDnsMonitor: unchanged
00:35:20.258815 dns-monitor HostDnsMonitor: updating information
00:35:20.258892 dns-monitor HostDnsMonitor: unchanged
01:05:20.312731 dns-monitor HostDnsMonitor: updating information
01:05:20.312899 dns-monitor HostDnsMonitor: unchanged
01:14:33.948619          ERROR [COM]: aRC=VBOX_E_INVALID_VM_STATE (0x80bb0002) aIID={300763af-5d6b-46e6-aa96-273eac15538a} aComponent={MachineWrap} aText={The machine is not mutable (state is Stopping)}, preserve=false aResultDetail=0
01:14:34.076468          Saving settings file "C:\Users\Gómez\VirtualBox VMs\fedora\fedora.vbox" with version "1.19-windows"
01:14:34.081621          Finished saving settings file "C:\Users\Gómez\VirtualBox VMs\fedora\fedora.vbox"
01:14:34.103475          ERROR [COM]: aRC=VBOX_E_INVALID_VM_STATE (0x80bb0002) aIID={300763af-5d6b-46e6-aa96-273eac15538a} aComponent={MachineWrap} aText={The machine is not mutable (state is PoweredOff)}, preserve=false aResultDetail=0
01:14:35.099798          ERROR [COM]: aRC=VBOX_E_INVALID_VM_STATE (0x80bb0002) aIID={300763af-5d6b-46e6-aa96-273eac15538a} aComponent={MachineWrap} aText={The machine is not mutable (state is PoweredOff)}, preserve=false aResultDetail=0
01:15:41.706448 main     VirtualBox: object deletion starts
01:15:41.707003 main     ERROR [COM]: aRC=VBOX_E_OBJECT_IN_USE (0x80bb000c) aIID={ad47ad09-787b-44ab-b343-a082a3f2dfb1} aComponent={MediumWrap} aText={Medium 'C:\Users\Gómez\VirtualBox VMs\fedora\fedora.vdi' cannot be closed because it is still attached to 1 virtual machines}, preserve=false aResultDetail=0
01:15:41.709340 main     HostDnsMonitor: shutting down ...
01:15:41.709456 main     HostDnsMonitor: shut down
01:15:41.710794 Watcher  ERROR [COM]: aRC=E_ACCESSDENIED (0x80070005) aIID={7682d5eb-f00e-44f1-8ca2-99d08b1cd607} aComponent={VirtualBoxWrap} aText={The object is not ready}, preserve=false aResultDetail=0
01:15:41.710995 main     VirtualBox: object deleted
